

Microchip MPLAB XC8 Assembler V2.31 build 20201012212115 
                                                                                               Thu Apr 01 01:56:25 2021

Microchip MPLAB XC8 C Compiler v2.31 (Free license) build 20201012212115 Og1 
     1                           	processor	18F27Q43
     2                           	fnconf	rparam,??,?,0
     3                           	pagewidth 120
     4                           	opt	flic
     5                           	psect	cinit,global,reloc=2,class=CODE,delta=1
     6                           	psect	bssCOMRAM,global,class=COMRAM,space=1,delta=1,lowdata,noexec
     7                           	psect	cstackCOMRAM,global,class=COMRAM,space=1,delta=1,lowdata,noexec
     8                           	psect	text0,global,reloc=2,class=CODE,delta=1
     9                           	psect	text1,global,reloc=2,class=CODE,delta=1
    10                           	psect	text2,global,reloc=2,class=CODE,delta=1
    11                           	psect	text3,global,reloc=2,class=CODE,delta=1
    12                           	psect	text4,global,reloc=2,class=CODE,delta=1
    13                           	psect	text5,global,reloc=2,class=CODE,delta=1
    14                           	psect	text6,global,reloc=2,class=CODE,delta=1
    15                           	psect	text7,global,reloc=2,class=CODE,delta=1
    16                           	psect	intsave_regs,global,class=BIGRAM,space=1,delta=1,noexec
    17                           	psect	rparam,global,class=COMRAM,space=1,delta=1,noexec
    18                           	psect	idloc,global,abs,ovrld,class=IDLOC,space=5,delta=1,noexec
    19                           	psect	config,global,abs,ovrld,class=CONFIG,space=4,delta=1,noexec
    20  0000                     
    21                           ; Version 2.30
    22                           ; Generated 20/08/2020 GMT
    23                           ; 
    24                           ; Copyright © 2020, Microchip Technology Inc. and its subsidiaries ("Microchip")
    25                           ; All rights reserved.
    26                           ; 
    27                           ; This software is developed by Microchip Technology Inc. and its subsidiaries ("Microch
      +                          ip").
    28                           ; 
    29                           ; Redistribution and use in source and binary forms, with or without modification, are
    30                           ; permitted provided that the following conditions are met:
    31                           ; 
    32                           ;     1. Redistributions of source code must retain the above copyright notice, this lis
      +                          t of
    33                           ;        conditions and the following disclaimer.
    34                           ; 
    35                           ;     2. Redistributions in binary form must reproduce the above copyright notice, this 
      +                          list
    36                           ;        of conditions and the following disclaimer in the documentation and/or other
    37                           ;        materials provided with the distribution. Publication is not required when
    38                           ;        this file is used in an embedded application.
    39                           ; 
    40                           ;     3. Microchip's name may not be used to endorse or promote products derived from th
      +                          is
    41                           ;        software without specific prior written permission.
    42                           ; 
    43                           ; THIS SOFTWARE IS PROVIDED BY MICROCHIP "AS IS" AND ANY EXPRESS OR IMPLIED WARRANTIES,
    44                           ; INCLUDING, BUT NOT LIMITED TO, THE IMPLIED WARRANTIES OF MERCHANTABILITY AND FITNESS F
      +                          OR
    45                           ; PURPOSE ARE DISCLAIMED.  IN NO EVENT SHALL MICROCHIP BE LIABLE FOR ANY DIRECT, INDIREC
      +                          T,
    46                           ; INCIDENTAL, SPECIAL, EXEMPLARY, OR CONSEQUENTIAL DAMAGES (INCLUDING BUT NOT LIMITED TO
    47                           ; PROCUREMENT OF SUBSTITUTE GOODS OR SERVICES; LOSS OF USE, DATA OR PROFITS; OR BUSINESS
    48                           ; INTERRUPTION) HOWSOEVER CAUSED AND ON ANY THEORY OF LIABILITY, WHETHER IN CONTRACT, ST
      +                          RICT
    49                           ; LIABILITY, OR TORT (INCLUDING NEGLIGENCE OR OTHERWISE) ARISING IN ANY WAY OUT OF THE U
      +                          SE OF
    50                           ; THIS SOFTWARE, EVEN IF ADVISED OF THE POSSIBILITY OF SUCH DAMAGE.
    51                           ; 
    52                           ; 
    53                           ; Code-generator required, PIC18F27Q43 Definitions
    54                           ; 
    55                           ; SFR Addresses
    56  0000                     _DAC1DATL	set	125
    57  0000                     _DAC1CON	set	127
    58  0000                     _TMR0L	set	792
    59  0000                     _TMR0H	set	793
    60  0000                     _T0CON0	set	794
    61  0000                     _ANSELA	set	1024
    62  0000                     _PIR3	set	1201
    63  0000                     _LATA	set	1214
    64  0000                     _TRISA	set	1222
    65                           
    66                           ; #config settings
    67                           
    68                           	psect	cinit
    69  01FEF4                     __pcinit:
    70                           	callstack 0
    71  01FEF4                     start_initialization:
    72                           	callstack 0
    73  01FEF4                     __initialization:
    74                           	callstack 0
    75                           
    76                           ; Clear objects allocated to COMRAM (14 bytes)
    77  01FEF4  EE01  F101         	lfsr	0,__pbssCOMRAM
    78  01FEF8  0E0E               	movlw	14
    79  01FEFA                     clear_0:
    80  01FEFA  6AEE               	clrf	postinc0,c
    81  01FEFC  06E8               	decf	wreg,f,c
    82  01FEFE  E1FD               	bnz	clear_0
    83  01FF00                     end_of_initialization:
    84                           	callstack 0
    85  01FF00                     __end_of__initialization:
    86                           	callstack 0
    87  01FF00  0100               	movlb	0
    88  01FF02  EFB2  F0FF         	goto	_main	;jump to C main() function
    89                           
    90                           	psect	bssCOMRAM
    91  000501                     __pbssCOMRAM:
    92                           	callstack 0
    93  000501                     _G_u32SystemFlags:
    94                           	callstack 0
    95  000501                     	ds	4
    96  000505                     _G_u32SystemTime1s:
    97                           	callstack 0
    98  000505                     	ds	4
    99  000509                     _G_u32SystemTime1ms:
   100                           	callstack 0
   101  000509                     	ds	4
   102  00050D                     UserAppRun@u8Slope:
   103                           	callstack 0
   104  00050D                     	ds	1
   105  00050E                     _G_u8UserAppFlags:
   106                           	callstack 0
   107  00050E                     	ds	1
   108                           
   109                           	psect	cstackCOMRAM
   110  00050F                     __pcstackCOMRAM:
   111                           	callstack 0
   112  00050F                     TimeXus@u16Microsecond:
   113                           	callstack 0
   114                           
   115                           ; 2 bytes @ 0x0
   116  00050F                     	ds	2
   117  000511                     ??_TimeXus:
   118                           
   119                           ; 1 bytes @ 0x2
   120  000511                     	ds	2
   121  000513                     
   122                           ; 1 bytes @ 0x4
   123 ;;
   124 ;;Main: autosize = 0, tempsize = 0, incstack = 0, save=0
   125 ;;
   126 ;; *************** function _main *****************
   127 ;; Defined at:
   128 ;;		line 35 in file "main.c"
   129 ;; Parameters:    Size  Location     Type
   130 ;;		None
   131 ;; Auto vars:     Size  Location     Type
   132 ;;		None
   133 ;; Return value:  Size  Location     Type
   134 ;;                  1    wreg      void 
   135 ;; Registers used:
   136 ;;		wreg, status,2, status,0, cstack
   137 ;; Tracked objects:
   138 ;;		On entry : 0/0
   139 ;;		On exit  : 0/0
   140 ;;		Unchanged: 0/0
   141 ;; Data sizes:     COMRAM   BANK5   BANK6   BANK7   BANK8   BANK9  BANK10  BANK11  BANK12  BANK13  BANK14  BANK15  BANK1
      +6  BANK17  BANK18  BANK19  BANK20  BANK21  BANK22  BANK23  BANK24  BANK25  BANK26  BANK27  BANK28  BANK29  BANK30  BANK3
      +1  BANK32  BANK33  BANK34  BANK35  BANK36  BANK37
   142 ;;      Params:         0       0       0       0       0       0       0       0       0       0       0       0       
      +0       0       0       0       0       0       0       0       0       0       0       0       0       0       0       
      +0       0       0       0       0       0       0
   143 ;;      Locals:         0       0       0       0       0       0       0       0       0       0       0       0       
      +0       0       0       0       0       0       0       0       0       0       0       0       0       0       0       
      +0       0       0       0       0       0       0
   144 ;;      Temps:          0       0       0       0       0       0       0       0       0       0       0       0       
      +0       0       0       0       0       0       0       0       0       0       0       0       0       0       0       
      +0       0       0       0       0       0       0
   145 ;;      Totals:         0       0       0       0       0       0       0       0       0       0       0       0       
      +0       0       0       0       0       0       0       0       0       0       0       0       0       0       0       
      +0       0       0       0       0       0       0
   146 ;;Total ram usage:        0 bytes
   147 ;; Hardware stack levels required when called:    1
   148 ;; This function calls:
   149 ;;		_ClockSetup
   150 ;;		_GpioSetup
   151 ;;		_SysTickSetup
   152 ;;		_SystemSleep
   153 ;;		_TimeXus
   154 ;;		_UserAppInitialize
   155 ;;		_UserAppRun
   156 ;; This function is called by:
   157 ;;		Startup code after reset
   158 ;; This function uses a non-reentrant model
   159 ;;
   160                           
   161                           	psect	text0
   162  01FF64                     __ptext0:
   163                           	callstack 0
   164  01FF64                     _main:
   165                           	callstack 127
   166  01FF64                     
   167                           ;main.c: 37:   G_u32SystemFlags |= (u32)0x80000000;
   168  01FF64  8E04               	bsf	(_G_u32SystemFlags+3)^(0+1280),7,c	;volatile
   169  01FF66                     
   170                           ;main.c: 40:   ClockSetup();
   171  01FF66  EC77  F0FF         	call	_ClockSetup	;wreg free
   172  01FF6A                     
   173                           ;main.c: 41:   SysTickSetup();
   174  01FF6A  EC90  F0FF         	call	_SysTickSetup	;wreg free
   175  01FF6E                     
   176                           ;main.c: 42:   GpioSetup();
   177  01FF6E  EC83  F0FF         	call	_GpioSetup	;wreg free
   178  01FF72                     
   179                           ;main.c: 47:   UserAppInitialize();
   180  01FF72  EC79  F0FF         	call	_UserAppInitialize	;wreg free
   181  01FF76                     l830:
   182                           
   183                           ;main.c: 53:   {;main.c: 57:     UserAppRun();
   184  01FF76  ECD5  F0FF         	call	_UserAppRun	;wreg free
   185  01FF7A                     
   186                           ;main.c: 63:     (LATA &= 0X7F);
   187  01FF7A  9EBE               	bcf	190,7,c	;volatile
   188  01FF7C                     
   189                           ;main.c: 64:     SystemSleep();
   190  01FF7C  EC78  F0FF         	call	_SystemSleep	;wreg free
   191  01FF80                     
   192                           ;main.c: 65:     TimeXus(10);
   193  01FF80  0E00               	movlw	0
   194  01FF82  6E10               	movwf	(TimeXus@u16Microsecond+1)^(0+1280),c
   195  01FF84  0E0A               	movlw	10
   196  01FF86  6E0F               	movwf	TimeXus@u16Microsecond^(0+1280),c
   197  01FF88  ECA1  F0FF         	call	_TimeXus	;wreg free
   198  01FF8C                     l838:
   199                           
   200                           ;main.c: 66:     while(PIR3==(PIR3 & 0x7f))
   201  01FF8C  50B1               	movf	177,w,c	;volatile
   202  01FF8E  0B7F               	andlw	127
   203  01FF90  18B1               	xorwf	177,w,c	;volatile
   204  01FF92  B4D8               	btfsc	status,2,c
   205  01FF94  EFCE  F0FF         	goto	u61
   206  01FF98  EFD0  F0FF         	goto	u60
   207  01FF9C                     u61:
   208  01FF9C  EFC6  F0FF         	goto	l838
   209  01FFA0                     u60:
   210  01FFA0                     
   211                           ;main.c: 69:     (LATA |= 0X80);
   212  01FFA0  8EBE               	bsf	190,7,c	;volatile
   213  01FFA2  EFBB  F0FF         	goto	l830
   214  01FFA6  EFFE  F0FF         	goto	start
   215  01FFAA                     __end_of_main:
   216                           	callstack 0
   217                           
   218 ;; *************** function _UserAppRun *****************
   219 ;; Defined at:
   220 ;;		line 115 in file "user_app.c"
   221 ;; Parameters:    Size  Location     Type
   222 ;;		None
   223 ;; Auto vars:     Size  Location     Type
   224 ;;		None
   225 ;; Return value:  Size  Location     Type
   226 ;;                  1    wreg      void 
   227 ;; Registers used:
   228 ;;		wreg, status,2, status,0
   229 ;; Tracked objects:
   230 ;;		On entry : 0/0
   231 ;;		On exit  : 0/0
   232 ;;		Unchanged: 0/0
   233 ;; Data sizes:     COMRAM   BANK5   BANK6   BANK7   BANK8   BANK9  BANK10  BANK11  BANK12  BANK13  BANK14  BANK15  BANK1
      +6  BANK17  BANK18  BANK19  BANK20  BANK21  BANK22  BANK23  BANK24  BANK25  BANK26  BANK27  BANK28  BANK29  BANK30  BANK3
      +1  BANK32  BANK33  BANK34  BANK35  BANK36  BANK37
   234 ;;      Params:         0       0       0       0       0       0       0       0       0       0       0       0       
      +0       0       0       0       0       0       0       0       0       0       0       0       0       0       0       
      +0       0       0       0       0       0       0
   235 ;;      Locals:         0       0       0       0       0       0       0       0       0       0       0       0       
      +0       0       0       0       0       0       0       0       0       0       0       0       0       0       0       
      +0       0       0       0       0       0       0
   236 ;;      Temps:          0       0       0       0       0       0       0       0       0       0       0       0       
      +0       0       0       0       0       0       0       0       0       0       0       0       0       0       0       
      +0       0       0       0       0       0       0
   237 ;;      Totals:         0       0       0       0       0       0       0       0       0       0       0       0       
      +0       0       0       0       0       0       0       0       0       0       0       0       0       0       0       
      +0       0       0       0       0       0       0
   238 ;;Total ram usage:        0 bytes
   239 ;; Hardware stack levels used:    1
   240 ;; This function calls:
   241 ;;		Nothing
   242 ;; This function is called by:
   243 ;;		_main
   244 ;; This function uses a non-reentrant model
   245 ;;
   246                           
   247                           	psect	text1
   248  01FFAA                     __ptext1:
   249                           	callstack 0
   250  01FFAA                     _UserAppRun:
   251                           	callstack 127
   252  01FFAA                     
   253                           ;user_app.c: 117:     static u8 u8Slope = 0;;user_app.c: 119:     if (u8Slope == 0)
   254  01FFAA  500D               	movf	UserAppRun@u8Slope^(0+1280),w,c
   255  01FFAC  A4D8               	btfss	status,2,c
   256  01FFAE  EFDB  F0FF         	goto	u11
   257  01FFB2  EFDD  F0FF         	goto	u10
   258  01FFB6                     u11:
   259  01FFB6  EFE9  F0FF         	goto	l776
   260  01FFBA                     u10:
   261  01FFBA                     
   262                           ;user_app.c: 120:     {;user_app.c: 121:         DAC1DATL ++;
   263  01FFBA  0100               	movlb	0	; () banked
   264  01FFBC  2B7D               	incf	125,f,b	;volatile
   265  01FFBE                     
   266                           ; BSR set to: 0
   267                           ;user_app.c: 123:         if(DAC1DATL == 255)
   268  01FFBE  297D               	incf	125,w,b	;volatile
   269  01FFC0  A4D8               	btfss	status,2,c
   270  01FFC2  EFE5  F0FF         	goto	u21
   271  01FFC6  EFE7  F0FF         	goto	u20
   272  01FFCA                     u21:
   273  01FFCA  EFE9  F0FF         	goto	l776
   274  01FFCE                     u20:
   275  01FFCE                     
   276                           ; BSR set to: 0
   277                           ;user_app.c: 124:         {;user_app.c: 125:             u8Slope = 1;
   278  01FFCE  0E01               	movlw	1
   279  01FFD0  6E0D               	movwf	UserAppRun@u8Slope^(0+1280),c
   280  01FFD2                     l776:
   281                           
   282                           ;user_app.c: 129:     if(u8Slope == 1)
   283  01FFD2  040D               	decf	UserAppRun@u8Slope^(0+1280),w,c
   284  01FFD4  A4D8               	btfss	status,2,c
   285  01FFD6  EFEF  F0FF         	goto	u31
   286  01FFDA  EFF1  F0FF         	goto	u30
   287  01FFDE                     u31:
   288  01FFDE  EFFD  F0FF         	goto	l88
   289  01FFE2                     u30:
   290  01FFE2                     
   291                           ;user_app.c: 130:     {;user_app.c: 131:         DAC1DATL--;
   292  01FFE2  0100               	movlb	0	; () banked
   293  01FFE4  077D               	decf	125,f,b	;volatile
   294  01FFE6                     
   295                           ; BSR set to: 0
   296                           ;user_app.c: 133:         if(DAC1DATL ==0)
   297  01FFE6  517D               	movf	125,w,b	;volatile
   298  01FFE8  A4D8               	btfss	status,2,c
   299  01FFEA  EFF9  F0FF         	goto	u41
   300  01FFEE  EFFB  F0FF         	goto	u40
   301  01FFF2                     u41:
   302  01FFF2  EFFD  F0FF         	goto	l88
   303  01FFF6                     u40:
   304  01FFF6                     
   305                           ; BSR set to: 0
   306                           ;user_app.c: 134:         {;user_app.c: 135:             u8Slope =0;
   307  01FFF6  0E00               	movlw	0
   308  01FFF8  6E0D               	movwf	UserAppRun@u8Slope^(0+1280),c
   309  01FFFA                     l88:
   310  01FFFA  0012               	return		;funcret
   311  01FFFC                     __end_of_UserAppRun:
   312                           	callstack 0
   313                           
   314 ;; *************** function _UserAppInitialize *****************
   315 ;; Defined at:
   316 ;;		line 96 in file "user_app.c"
   317 ;; Parameters:    Size  Location     Type
   318 ;;		None
   319 ;; Auto vars:     Size  Location     Type
   320 ;;		None
   321 ;; Return value:  Size  Location     Type
   322 ;;                  1    wreg      void 
   323 ;; Registers used:
   324 ;;		None
   325 ;; Tracked objects:
   326 ;;		On entry : 0/0
   327 ;;		On exit  : 0/0
   328 ;;		Unchanged: 0/0
   329 ;; Data sizes:     COMRAM   BANK5   BANK6   BANK7   BANK8   BANK9  BANK10  BANK11  BANK12  BANK13  BANK14  BANK15  BANK1
      +6  BANK17  BANK18  BANK19  BANK20  BANK21  BANK22  BANK23  BANK24  BANK25  BANK26  BANK27  BANK28  BANK29  BANK30  BANK3
      +1  BANK32  BANK33  BANK34  BANK35  BANK36  BANK37
   330 ;;      Params:         0       0       0       0       0       0       0       0       0       0       0       0       
      +0       0       0       0       0       0       0       0       0       0       0       0       0       0       0       
      +0       0       0       0       0       0       0
   331 ;;      Locals:         0       0       0       0       0       0       0       0       0       0       0       0       
      +0       0       0       0       0       0       0       0       0       0       0       0       0       0       0       
      +0       0       0       0       0       0       0
   332 ;;      Temps:          0       0       0       0       0       0       0       0       0       0       0       0       
      +0       0       0       0       0       0       0       0       0       0       0       0       0       0       0       
      +0       0       0       0       0       0       0
   333 ;;      Totals:         0       0       0       0       0       0       0       0       0       0       0       0       
      +0       0       0       0       0       0       0       0       0       0       0       0       0       0       0       
      +0       0       0       0       0       0       0
   334 ;;Total ram usage:        0 bytes
   335 ;; Hardware stack levels used:    1
   336 ;; This function calls:
   337 ;;		Nothing
   338 ;; This function is called by:
   339 ;;		_main
   340 ;; This function uses a non-reentrant model
   341 ;;
   342                           
   343                           	psect	text2
   344  01FEF2                     __ptext2:
   345                           	callstack 0
   346  01FEF2                     _UserAppInitialize:
   347                           	callstack 127
   348  01FEF2  0012               	return		;funcret
   349  01FEF4                     __end_of_UserAppInitialize:
   350                           	callstack 0
   351                           
   352 ;; *************** function _TimeXus *****************
   353 ;; Defined at:
   354 ;;		line 71 in file "user_app.c"
   355 ;; Parameters:    Size  Location     Type
   356 ;;  u16Microseco    2    0[COMRAM] unsigned short 
   357 ;; Auto vars:     Size  Location     Type
   358 ;;		None
   359 ;; Return value:  Size  Location     Type
   360 ;;                  1    wreg      void 
   361 ;; Registers used:
   362 ;;		wreg, status,2, status,0
   363 ;; Tracked objects:
   364 ;;		On entry : 0/0
   365 ;;		On exit  : 0/0
   366 ;;		Unchanged: 0/0
   367 ;; Data sizes:     COMRAM   BANK5   BANK6   BANK7   BANK8   BANK9  BANK10  BANK11  BANK12  BANK13  BANK14  BANK15  BANK1
      +6  BANK17  BANK18  BANK19  BANK20  BANK21  BANK22  BANK23  BANK24  BANK25  BANK26  BANK27  BANK28  BANK29  BANK30  BANK3
      +1  BANK32  BANK33  BANK34  BANK35  BANK36  BANK37
   368 ;;      Params:         2       0       0       0       0       0       0       0       0       0       0       0       
      +0       0       0       0       0       0       0       0       0       0       0       0       0       0       0       
      +0       0       0       0       0       0       0
   369 ;;      Locals:         0       0       0       0       0       0       0       0       0       0       0       0       
      +0       0       0       0       0       0       0       0       0       0       0       0       0       0       0       
      +0       0       0       0       0       0       0
   370 ;;      Temps:          2       0       0       0       0       0       0       0       0       0       0       0       
      +0       0       0       0       0       0       0       0       0       0       0       0       0       0       0       
      +0       0       0       0       0       0       0
   371 ;;      Totals:         4       0       0       0       0       0       0       0       0       0       0       0       
      +0       0       0       0       0       0       0       0       0       0       0       0       0       0       0       
      +0       0       0       0       0       0       0
   372 ;;Total ram usage:        4 bytes
   373 ;; Hardware stack levels used:    1
   374 ;; This function calls:
   375 ;;		Nothing
   376 ;; This function is called by:
   377 ;;		_main
   378 ;; This function uses a non-reentrant model
   379 ;;
   380                           
   381                           	psect	text3
   382  01FF42                     __ptext3:
   383                           	callstack 0
   384  01FF42                     _TimeXus:
   385                           	callstack 127
   386  01FF42                     
   387                           ;user_app.c: 71:   void TimeXus(u16 u16Microsecond);user_app.c: 72: {;user_app.c: 73:   
      +                            T0CON0 &= 0x7F;
   388  01FF42  0103               	movlb	3	; () banked
   389  01FF44  9F1A               	bcf	26,7,b	;volatile
   390  01FF46                     
   391                           ; BSR set to: 3
   392                           ;user_app.c: 75:     TMR0H = ((0xFFFF - u16Microsecond) >> 8) & 0xFF;
   393  01FF46  1C0F               	comf	TimeXus@u16Microsecond^(0+1280),w,c
   394  01FF48  6E11               	movwf	??_TimeXus^(0+1280),c
   395  01FF4A  1C10               	comf	(TimeXus@u16Microsecond+1)^(0+1280),w,c
   396  01FF4C  6E12               	movwf	(??_TimeXus+1)^(0+1280),c
   397  01FF4E  C512  F511         	movff	??_TimeXus+1,??_TimeXus
   398  01FF52  6A12               	clrf	(??_TimeXus+1)^(0+1280),c
   399  01FF54  5011               	movf	??_TimeXus^(0+1280),w,c
   400  01FF56  6F19               	movwf	25,b	;volatile
   401  01FF58                     
   402                           ; BSR set to: 3
   403                           ;user_app.c: 76:     TMR0L = (0xFFFF - u16Microsecond) & 0xFF;
   404  01FF58  500F               	movf	TimeXus@u16Microsecond^(0+1280),w,c
   405  01FF5A  0AFF               	xorlw	255
   406  01FF5C  6F18               	movwf	24,b	;volatile
   407                           
   408                           ;user_app.c: 78:     PIR3 &= 0x7F;
   409  01FF5E  9EB1               	bcf	177,7,c	;volatile
   410                           
   411                           ;user_app.c: 79:     T0CON0 |= 0x80;
   412  01FF60  8F1A               	bsf	26,7,b	;volatile
   413  01FF62                     
   414                           ; BSR set to: 3
   415  01FF62  0012               	return		;funcret
   416  01FF64                     __end_of_TimeXus:
   417                           	callstack 0
   418                           
   419 ;; *************** function _SystemSleep *****************
   420 ;; Defined at:
   421 ;;		line 134 in file "encm369_pic18.c"
   422 ;; Parameters:    Size  Location     Type
   423 ;;		None
   424 ;; Auto vars:     Size  Location     Type
   425 ;;		None
   426 ;; Return value:  Size  Location     Type
   427 ;;                  1    wreg      void 
   428 ;; Registers used:
   429 ;;		None
   430 ;; Tracked objects:
   431 ;;		On entry : 0/0
   432 ;;		On exit  : 0/0
   433 ;;		Unchanged: 0/0
   434 ;; Data sizes:     COMRAM   BANK5   BANK6   BANK7   BANK8   BANK9  BANK10  BANK11  BANK12  BANK13  BANK14  BANK15  BANK1
      +6  BANK17  BANK18  BANK19  BANK20  BANK21  BANK22  BANK23  BANK24  BANK25  BANK26  BANK27  BANK28  BANK29  BANK30  BANK3
      +1  BANK32  BANK33  BANK34  BANK35  BANK36  BANK37
   435 ;;      Params:         0       0       0       0       0       0       0       0       0       0       0       0       
      +0       0       0       0       0       0       0       0       0       0       0       0       0       0       0       
      +0       0       0       0       0       0       0
   436 ;;      Locals:         0       0       0       0       0       0       0       0       0       0       0       0       
      +0       0       0       0       0       0       0       0       0       0       0       0       0       0       0       
      +0       0       0       0       0       0       0
   437 ;;      Temps:          0       0       0       0       0       0       0       0       0       0       0       0       
      +0       0       0       0       0       0       0       0       0       0       0       0       0       0       0       
      +0       0       0       0       0       0       0
   438 ;;      Totals:         0       0       0       0       0       0       0       0       0       0       0       0       
      +0       0       0       0       0       0       0       0       0       0       0       0       0       0       0       
      +0       0       0       0       0       0       0
   439 ;;Total ram usage:        0 bytes
   440 ;; Hardware stack levels used:    1
   441 ;; This function calls:
   442 ;;		Nothing
   443 ;; This function is called by:
   444 ;;		_main
   445 ;; This function uses a non-reentrant model
   446 ;;
   447                           
   448                           	psect	text4
   449  01FEF0                     __ptext4:
   450                           	callstack 0
   451  01FEF0                     _SystemSleep:
   452                           	callstack 127
   453  01FEF0  0012               	return		;funcret
   454  01FEF2                     __end_of_SystemSleep:
   455                           	callstack 0
   456                           
   457 ;; *************** function _SysTickSetup *****************
   458 ;; Defined at:
   459 ;;		line 112 in file "encm369_pic18.c"
   460 ;; Parameters:    Size  Location     Type
   461 ;;		None
   462 ;; Auto vars:     Size  Location     Type
   463 ;;		None
   464 ;; Return value:  Size  Location     Type
   465 ;;                  1    wreg      void 
   466 ;; Registers used:
   467 ;;		wreg, status,2
   468 ;; Tracked objects:
   469 ;;		On entry : 0/0
   470 ;;		On exit  : 0/0
   471 ;;		Unchanged: 0/0
   472 ;; Data sizes:     COMRAM   BANK5   BANK6   BANK7   BANK8   BANK9  BANK10  BANK11  BANK12  BANK13  BANK14  BANK15  BANK1
      +6  BANK17  BANK18  BANK19  BANK20  BANK21  BANK22  BANK23  BANK24  BANK25  BANK26  BANK27  BANK28  BANK29  BANK30  BANK3
      +1  BANK32  BANK33  BANK34  BANK35  BANK36  BANK37
   473 ;;      Params:         0       0       0       0       0       0       0       0       0       0       0       0       
      +0       0       0       0       0       0       0       0       0       0       0       0       0       0       0       
      +0       0       0       0       0       0       0
   474 ;;      Locals:         0       0       0       0       0       0       0       0       0       0       0       0       
      +0       0       0       0       0       0       0       0       0       0       0       0       0       0       0       
      +0       0       0       0       0       0       0
   475 ;;      Temps:          0       0       0       0       0       0       0       0       0       0       0       0       
      +0       0       0       0       0       0       0       0       0       0       0       0       0       0       0       
      +0       0       0       0       0       0       0
   476 ;;      Totals:         0       0       0       0       0       0       0       0       0       0       0       0       
      +0       0       0       0       0       0       0       0       0       0       0       0       0       0       0       
      +0       0       0       0       0       0       0
   477 ;;Total ram usage:        0 bytes
   478 ;; Hardware stack levels used:    1
   479 ;; This function calls:
   480 ;;		Nothing
   481 ;; This function is called by:
   482 ;;		_main
   483 ;; This function uses a non-reentrant model
   484 ;;
   485                           
   486                           	psect	text5
   487  01FF20                     __ptext5:
   488                           	callstack 0
   489  01FF20                     _SysTickSetup:
   490                           	callstack 127
   491  01FF20                     
   492                           ;encm369_pic18.c: 114:   G_u32SystemTime1ms = 0;
   493  01FF20  0E00               	movlw	0
   494  01FF22  6E09               	movwf	_G_u32SystemTime1ms^(0+1280),c	;volatile
   495  01FF24  0E00               	movlw	0
   496  01FF26  6E0A               	movwf	(_G_u32SystemTime1ms+1)^(0+1280),c	;volatile
   497  01FF28  0E00               	movlw	0
   498  01FF2A  6E0B               	movwf	(_G_u32SystemTime1ms+2)^(0+1280),c	;volatile
   499  01FF2C  0E00               	movlw	0
   500  01FF2E  6E0C               	movwf	(_G_u32SystemTime1ms+3)^(0+1280),c	;volatile
   501                           
   502                           ;encm369_pic18.c: 115:   G_u32SystemTime1s = 0;
   503  01FF30  0E00               	movlw	0
   504  01FF32  6E05               	movwf	_G_u32SystemTime1s^(0+1280),c	;volatile
   505  01FF34  0E00               	movlw	0
   506  01FF36  6E06               	movwf	(_G_u32SystemTime1s+1)^(0+1280),c	;volatile
   507  01FF38  0E00               	movlw	0
   508  01FF3A  6E07               	movwf	(_G_u32SystemTime1s+2)^(0+1280),c	;volatile
   509  01FF3C  0E00               	movlw	0
   510  01FF3E  6E08               	movwf	(_G_u32SystemTime1s+3)^(0+1280),c	;volatile
   511  01FF40  0012               	return		;funcret
   512  01FF42                     __end_of_SysTickSetup:
   513                           	callstack 0
   514                           
   515 ;; *************** function _GpioSetup *****************
   516 ;; Defined at:
   517 ;;		line 89 in file "encm369_pic18.c"
   518 ;; Parameters:    Size  Location     Type
   519 ;;		None
   520 ;; Auto vars:     Size  Location     Type
   521 ;;		None
   522 ;; Return value:  Size  Location     Type
   523 ;;                  1    wreg      void 
   524 ;; Registers used:
   525 ;;		wreg, status,2
   526 ;; Tracked objects:
   527 ;;		On entry : 0/0
   528 ;;		On exit  : 0/0
   529 ;;		Unchanged: 0/0
   530 ;; Data sizes:     COMRAM   BANK5   BANK6   BANK7   BANK8   BANK9  BANK10  BANK11  BANK12  BANK13  BANK14  BANK15  BANK1
      +6  BANK17  BANK18  BANK19  BANK20  BANK21  BANK22  BANK23  BANK24  BANK25  BANK26  BANK27  BANK28  BANK29  BANK30  BANK3
      +1  BANK32  BANK33  BANK34  BANK35  BANK36  BANK37
   531 ;;      Params:         0       0       0       0       0       0       0       0       0       0       0       0       
      +0       0       0       0       0       0       0       0       0       0       0       0       0       0       0       
      +0       0       0       0       0       0       0
   532 ;;      Locals:         0       0       0       0       0       0       0       0       0       0       0       0       
      +0       0       0       0       0       0       0       0       0       0       0       0       0       0       0       
      +0       0       0       0       0       0       0
   533 ;;      Temps:          0       0       0       0       0       0       0       0       0       0       0       0       
      +0       0       0       0       0       0       0       0       0       0       0       0       0       0       0       
      +0       0       0       0       0       0       0
   534 ;;      Totals:         0       0       0       0       0       0       0       0       0       0       0       0       
      +0       0       0       0       0       0       0       0       0       0       0       0       0       0       0       
      +0       0       0       0       0       0       0
   535 ;;Total ram usage:        0 bytes
   536 ;; Hardware stack levels used:    1
   537 ;; This function calls:
   538 ;;		Nothing
   539 ;; This function is called by:
   540 ;;		_main
   541 ;; This function uses a non-reentrant model
   542 ;;
   543                           
   544                           	psect	text6
   545  01FF06                     __ptext6:
   546                           	callstack 0
   547  01FF06                     _GpioSetup:
   548                           	callstack 127
   549  01FF06                     
   550                           ;encm369_pic18.c: 91:     TRISA = 0x00;
   551  01FF06  0E00               	movlw	0
   552  01FF08  6EC6               	movwf	198,c	;volatile
   553                           
   554                           ;encm369_pic18.c: 92:     ANSELA = 0x00;
   555  01FF0A  0E00               	movlw	0
   556  01FF0C  0104               	movlb	4	; () banked
   557  01FF0E  6F00               	movwf	0,b	;volatile
   558                           
   559                           ;encm369_pic18.c: 93:     LATA = 0x00;
   560  01FF10  0E00               	movlw	0
   561  01FF12  6EBE               	movwf	190,c	;volatile
   562                           
   563                           ;encm369_pic18.c: 95:     DAC1CON = 0xA0;
   564  01FF14  0EA0               	movlw	160
   565  01FF16  0100               	movlb	0	; () banked
   566  01FF18  6F7F               	movwf	127,b	;volatile
   567                           
   568                           ;encm369_pic18.c: 96:     DAC1DATL = 0x00;
   569  01FF1A  0E00               	movlw	0
   570  01FF1C  6F7D               	movwf	125,b	;volatile
   571  01FF1E                     
   572                           ; BSR set to: 0
   573  01FF1E  0012               	return		;funcret
   574  01FF20                     __end_of_GpioSetup:
   575                           	callstack 0
   576                           
   577 ;; *************** function _ClockSetup *****************
   578 ;; Defined at:
   579 ;;		line 70 in file "encm369_pic18.c"
   580 ;; Parameters:    Size  Location     Type
   581 ;;		None
   582 ;; Auto vars:     Size  Location     Type
   583 ;;		None
   584 ;; Return value:  Size  Location     Type
   585 ;;                  1    wreg      void 
   586 ;; Registers used:
   587 ;;		None
   588 ;; Tracked objects:
   589 ;;		On entry : 0/0
   590 ;;		On exit  : 0/0
   591 ;;		Unchanged: 0/0
   592 ;; Data sizes:     COMRAM   BANK5   BANK6   BANK7   BANK8   BANK9  BANK10  BANK11  BANK12  BANK13  BANK14  BANK15  BANK1
      +6  BANK17  BANK18  BANK19  BANK20  BANK21  BANK22  BANK23  BANK24  BANK25  BANK26  BANK27  BANK28  BANK29  BANK30  BANK3
      +1  BANK32  BANK33  BANK34  BANK35  BANK36  BANK37
   593 ;;      Params:         0       0       0       0       0       0       0       0       0       0       0       0       
      +0       0       0       0       0       0       0       0       0       0       0       0       0       0       0       
      +0       0       0       0       0       0       0
   594 ;;      Locals:         0       0       0       0       0       0       0       0       0       0       0       0       
      +0       0       0       0       0       0       0       0       0       0       0       0       0       0       0       
      +0       0       0       0       0       0       0
   595 ;;      Temps:          0       0       0       0       0       0       0       0       0       0       0       0       
      +0       0       0       0       0       0       0       0       0       0       0       0       0       0       0       
      +0       0       0       0       0       0       0
   596 ;;      Totals:         0       0       0       0       0       0       0       0       0       0       0       0       
      +0       0       0       0       0       0       0       0       0       0       0       0       0       0       0       
      +0       0       0       0       0       0       0
   597 ;;Total ram usage:        0 bytes
   598 ;; Hardware stack levels used:    1
   599 ;; This function calls:
   600 ;;		Nothing
   601 ;; This function is called by:
   602 ;;		_main
   603 ;; This function uses a non-reentrant model
   604 ;;
   605                           
   606                           	psect	text7
   607  01FEEE                     __ptext7:
   608                           	callstack 0
   609  01FEEE                     _ClockSetup:
   610                           	callstack 127
   611  01FEEE  0012               	return		;funcret
   612  01FEF0                     __end_of_ClockSetup:
   613                           	callstack 0
   614  0000                     
   615                           	psect	rparam
   616  0000                     
   617                           	psect	idloc
   618                           
   619                           ;Config register IDLOC0 @ 0x200000
   620                           ;	unspecified, using default values
   621  200000                     	org	2097152
   622  200000  0FFF               	dw	4095
   623                           
   624                           ;Config register IDLOC1 @ 0x200002
   625                           ;	unspecified, using default values
   626  200002                     	org	2097154
   627  200002  0FFF               	dw	4095
   628                           
   629                           ;Config register IDLOC2 @ 0x200004
   630                           ;	unspecified, using default values
   631  200004                     	org	2097156
   632  200004  0FFF               	dw	4095
   633                           
   634                           ;Config register IDLOC3 @ 0x200006
   635                           ;	unspecified, using default values
   636  200006                     	org	2097158
   637  200006  0FFF               	dw	4095
   638                           
   639                           ;Config register IDLOC4 @ 0x200008
   640                           ;	unspecified, using default values
   641  200008                     	org	2097160
   642  200008  0FFF               	dw	4095
   643                           
   644                           ;Config register IDLOC5 @ 0x20000A
   645                           ;	unspecified, using default values
   646  20000A                     	org	2097162
   647  20000A  0FFF               	dw	4095
   648                           
   649                           ;Config register IDLOC6 @ 0x20000C
   650                           ;	unspecified, using default values
   651  20000C                     	org	2097164
   652  20000C  0FFF               	dw	4095
   653                           
   654                           ;Config register IDLOC7 @ 0x20000E
   655                           ;	unspecified, using default values
   656  20000E                     	org	2097166
   657  20000E  0FFF               	dw	4095
   658                           
   659                           ;Config register IDLOC8 @ 0x200010
   660                           ;	unspecified, using default values
   661  200010                     	org	2097168
   662  200010  0FFF               	dw	4095
   663                           
   664                           ;Config register IDLOC9 @ 0x200012
   665                           ;	unspecified, using default values
   666  200012                     	org	2097170
   667  200012  0FFF               	dw	4095
   668                           
   669                           ;Config register IDLOC10 @ 0x200014
   670                           ;	unspecified, using default values
   671  200014                     	org	2097172
   672  200014  0FFF               	dw	4095
   673                           
   674                           ;Config register IDLOC11 @ 0x200016
   675                           ;	unspecified, using default values
   676  200016                     	org	2097174
   677  200016  0FFF               	dw	4095
   678                           
   679                           ;Config register IDLOC12 @ 0x200018
   680                           ;	unspecified, using default values
   681  200018                     	org	2097176
   682  200018  0FFF               	dw	4095
   683                           
   684                           ;Config register IDLOC13 @ 0x20001A
   685                           ;	unspecified, using default values
   686  20001A                     	org	2097178
   687  20001A  0FFF               	dw	4095
   688                           
   689                           ;Config register IDLOC14 @ 0x20001C
   690                           ;	unspecified, using default values
   691  20001C                     	org	2097180
   692  20001C  0FFF               	dw	4095
   693                           
   694                           ;Config register IDLOC15 @ 0x20001E
   695                           ;	unspecified, using default values
   696  20001E                     	org	2097182
   697  20001E  0FFF               	dw	4095
   698                           
   699                           	psect	config
   700                           
   701                           ;Config register CONFIG1 @ 0x300000
   702                           ;	External Oscillator Selection
   703                           ;	FEXTOSC = OFF, Oscillator not enabled
   704                           ;	Reset Oscillator Selection
   705                           ;	RSTOSC = HFINTOSC_64MHZ, HFINTOSC with HFFRQ = 64 MHz and CDIV = 1:1
   706  300000                     	org	3145728
   707  300000  8C                 	db	140
   708                           
   709                           ;Config register CONFIG2 @ 0x300001
   710                           ;	Clock out Enable bit
   711                           ;	CLKOUTEN = ON, CLKOUT function is enabled
   712                           ;	PRLOCKED One-Way Set Enable bit
   713                           ;	PR1WAY = ON, PRLOCKED bit can be cleared and set only once
   714                           ;	Clock Switch Enable bit
   715                           ;	CSWEN = ON, Writing to NOSC and NDIV is allowed
   716                           ;	Fail-Safe Clock Monitor Enable bit
   717                           ;	FCMEN = ON, Fail-Safe Clock Monitor enabled
   718  300001                     	org	3145729
   719  300001  FE                 	db	254
   720                           
   721                           ;Config register CONFIG3 @ 0x300002
   722                           ;	MCLR Enable bit
   723                           ;	MCLRE = EXTMCLR, If LVP = 0, MCLR pin is MCLR; If LVP = 1, RE3 pin function is MCLR
   724                           ;	Power-up timer selection bits
   725                           ;	PWRTS = PWRT_OFF, PWRT is disabled
   726                           ;	Multi-vector enable bit
   727                           ;	MVECEN = ON, Multi-vector enabled, Vector table used for interrupts
   728                           ;	IVTLOCK bit One-way set enable bit
   729                           ;	IVT1WAY = ON, IVTLOCKED bit can be cleared and set only once
   730                           ;	Low Power BOR Enable bit
   731                           ;	LPBOREN = OFF, Low-Power BOR disabled
   732                           ;	Brown-out Reset Enable bits
   733                           ;	BOREN = SBORDIS, Brown-out Reset enabled , SBOREN bit is ignored
   734  300002                     	org	3145730
   735  300002  FF                 	db	255
   736                           
   737                           ;Config register CONFIG4 @ 0x300003
   738                           ;	Brown-out Reset Voltage Selection bits
   739                           ;	BORV = VBOR_2P85, Brown-out Reset Voltage (VBOR) set to 2.8V
   740                           ;	ZCD Disable bit
   741                           ;	ZCD = OFF, ZCD module is disabled. ZCD can be enabled by setting the ZCDSEN bit of ZCD
      +                          CON
   742                           ;	PPSLOCK bit One-Way Set Enable bit
   743                           ;	PPS1WAY = ON, PPSLOCKED bit can be cleared and set only once; PPS registers remain loc
      +                          ked after one clear/set cycle
   744                           ;	Stack Full/Underflow Reset Enable bit
   745                           ;	STVREN = ON, Stack full/underflow will cause Reset
   746                           ;	Low Voltage Programming Enable bit
   747                           ;	LVP = ON, Low voltage programming enabled. MCLR/VPP pin function is MCLR. MCLRE config
      +                          uration bit is ignored
   748                           ;	Extended Instruction Set Enable bit
   749                           ;	XINST = OFF, Extended Instruction Set and Indexed Addressing Mode disabled
   750  300003                     	org	3145731
   751  300003  FC                 	db	252
   752                           
   753                           ;Config register CONFIG5 @ 0x300004
   754                           ;	WDT Period selection bits
   755                           ;	WDTCPS = WDTCPS_31, Divider ratio 1:65536; software control of WDTPS
   756                           ;	WDT operating mode
   757                           ;	WDTE = OFF, WDT Disabled; SWDTEN is ignored
   758  300004                     	org	3145732
   759  300004  9F                 	db	159
   760                           
   761                           ;Config register CONFIG6 @ 0x300005
   762                           ;	WDT Window Select bits
   763                           ;	WDTCWS = WDTCWS_7, window always open (100%); software control; keyed access not requi
      +                          red
   764                           ;	WDT input clock selector
   765                           ;	WDTCCS = SC, Software Control
   766  300005                     	org	3145733
   767  300005  FF                 	db	255
   768                           
   769                           ;Config register CONFIG7 @ 0x300006
   770                           ;	Boot Block Size selection bits
   771                           ;	BBSIZE = BBSIZE_512, Boot Block size is 512 words
   772                           ;	Boot Block enable bit
   773                           ;	BBEN = OFF, Boot block disabled
   774                           ;	Storage Area Flash enable bit
   775                           ;	SAFEN = OFF, SAF disabled
   776                           ;	Background Debugger
   777                           ;	DEBUG = OFF, Background Debugger disabled
   778  300006                     	org	3145734
   779  300006  FF                 	db	255
   780                           
   781                           ;Config register CONFIG8 @ 0x300007
   782                           ;	Boot Block Write Protection bit
   783                           ;	WRTB = OFF, Boot Block not Write protected
   784                           ;	Configuration Register Write Protection bit
   785                           ;	WRTC = OFF, Configuration registers not Write protected
   786                           ;	Data EEPROM Write Protection bit
   787                           ;	WRTD = OFF, Data EEPROM not Write protected
   788                           ;	SAF Write protection bit
   789                           ;	WRTSAF = OFF, SAF not Write Protected
   790                           ;	Application Block write protection bit
   791                           ;	WRTAPP = OFF, Application Block not write protected
   792  300007                     	org	3145735
   793  300007  FF                 	db	255
   794                           
   795                           ; Padding undefined space
   796  300008                     	org	3145736
   797  300008  FF                 	db	255
   798                           
   799                           ;Config register CONFIG10 @ 0x300009
   800                           ;	PFM and Data EEPROM Code Protection bit
   801                           ;	CP = OFF, PFM and Data EEPROM code protection disabled
   802  300009                     	org	3145737
   803  300009  FF                 	db	255
   804                           tosu	equ	0x4FF
   805                           tosh	equ	0x4FE
   806                           tosl	equ	0x4FD
   807                           stkptr	equ	0x4FC
   808                           pclatu	equ	0x4FB
   809                           pclath	equ	0x4FA
   810                           pcl	equ	0x4F9
   811                           tblptru	equ	0x4F8
   812                           tblptrh	equ	0x4F7
   813                           tblptrl	equ	0x4F6
   814                           tablat	equ	0x4F5
   815                           prodh	equ	0x4F4
   816                           prodl	equ	0x4F3
   817                           indf0	equ	0x4EF
   818                           postinc0	equ	0x4EE
   819                           postdec0	equ	0x4ED
   820                           preinc0	equ	0x4EC
   821                           plusw0	equ	0x4EB
   822                           fsr0h	equ	0x4EA
   823                           fsr0l	equ	0x4E9
   824                           wreg	equ	0x4E8
   825                           indf1	equ	0x4E7
   826                           postinc1	equ	0x4E6
   827                           postdec1	equ	0x4E5
   828                           preinc1	equ	0x4E4
   829                           plusw1	equ	0x4E3
   830                           fsr1h	equ	0x4E2
   831                           fsr1l	equ	0x4E1
   832                           bsr	equ	0x4E0
   833                           indf2	equ	0x4DF
   834                           postinc2	equ	0x4DE
   835                           postdec2	equ	0x4DD
   836                           preinc2	equ	0x4DC
   837                           plusw2	equ	0x4DB
   838                           fsr2h	equ	0x4DA
   839                           fsr2l	equ	0x4D9
   840                           status	equ	0x4D8

Data Sizes:
    Strings     0
    Constant    0
    Data        0
    BSS         14
    Persistent  0
    Stack       0

Auto Spaces:
    Space          Size  Autos    Used
    COMRAM           95      4      18
    BANK5           160      0       0
    BANK6           256      0       0
    BANK7           256      0       0
    BANK8           256      0       0
    BANK9           256      0       0
    BANK10          256      0       0
    BANK11          256      0       0
    BANK12          256      0       0
    BANK13          256      0       0
    BANK14          256      0       0
    BANK15          256      0       0
    BANK16          256      0       0
    BANK17          256      0       0
    BANK18          256      0       0
    BANK19          256      0       0
    BANK20          256      0       0
    BANK21          256      0       0
    BANK22          256      0       0
    BANK23          256      0       0
    BANK24          256      0       0
    BANK25          256      0       0
    BANK26          256      0       0
    BANK27          256      0       0
    BANK28          256      0       0
    BANK29          256      0       0
    BANK30          256      0       0
    BANK31          256      0       0
    BANK32          256      0       0
    BANK33          256      0       0
    BANK34          256      0       0
    BANK35          256      0       0
    BANK36          256      0       0
    BANK37          256      0       0

Pointer List with Targets:

    None.

Critical Paths under _main in COMRAM

    _main->_TimeXus

Critical Paths under _main in BANK5

    None.

Critical Paths under _main in BANK6

    None.

Critical Paths under _main in BANK7

    None.

Critical Paths under _main in BANK8

    None.

Critical Paths under _main in BANK9

    None.

Critical Paths under _main in BANK10

    None.

Critical Paths under _main in BANK11

    None.

Critical Paths under _main in BANK12

    None.

Critical Paths under _main in BANK13

    None.

Critical Paths under _main in BANK14

    None.

Critical Paths under _main in BANK15

    None.

Critical Paths under _main in BANK16

    None.

Critical Paths under _main in BANK17

    None.

Critical Paths under _main in BANK18

    None.

Critical Paths under _main in BANK19

    None.

Critical Paths under _main in BANK20

    None.

Critical Paths under _main in BANK21

    None.

Critical Paths under _main in BANK22

    None.

Critical Paths under _main in BANK23

    None.

Critical Paths under _main in BANK24

    None.

Critical Paths under _main in BANK25

    None.

Critical Paths under _main in BANK26

    None.

Critical Paths under _main in BANK27

    None.

Critical Paths under _main in BANK28

    None.

Critical Paths under _main in BANK29

    None.

Critical Paths under _main in BANK30

    None.

Critical Paths under _main in BANK31

    None.

Critical Paths under _main in BANK32

    None.

Critical Paths under _main in BANK33

    None.

Critical Paths under _main in BANK34

    None.

Critical Paths under _main in BANK35

    None.

Critical Paths under _main in BANK36

    None.

Critical Paths under _main in BANK37

    None.

Call Graph Tables:

 ---------------------------------------------------------------------------------
 (Depth) Function   	        Calls       Base Space   Used Autos Params    Refs
 ---------------------------------------------------------------------------------
 (0) _main                                                 0     0      0     120
                         _ClockSetup
                          _GpioSetup
                       _SysTickSetup
                        _SystemSleep
                            _TimeXus
                  _UserAppInitialize
                         _UserAppRun
 ---------------------------------------------------------------------------------
 (1) _UserAppRun                                           0     0      0       0
 ---------------------------------------------------------------------------------
 (1) _UserAppInitialize                                    0     0      0       0
 ---------------------------------------------------------------------------------
 (1) _TimeXus                                              4     2      2     120
                                              0 COMRAM     4     2      2
 ---------------------------------------------------------------------------------
 (1) _SystemSleep                                          0     0      0       0
 ---------------------------------------------------------------------------------
 (1) _SysTickSetup                                         0     0      0       0
 ---------------------------------------------------------------------------------
 (1) _GpioSetup                                            0     0      0       0
 ---------------------------------------------------------------------------------
 (1) _ClockSetup                                           0     0      0       0
 ---------------------------------------------------------------------------------
 Estimated maximum stack depth 1
 ---------------------------------------------------------------------------------

 Call Graph Graphs:

 _main (ROOT)
   _ClockSetup
   _GpioSetup
   _SysTickSetup
   _SystemSleep
   _TimeXus
   _UserAppInitialize
   _UserAppRun

 Address spaces:
Name               Size   Autos  Total    Cost      Usage
BIGRAM            20FF      0       0      71        0.0%
EEDATA             400      0       0       0        0.0%
BITBANK37          100      0       0      70        0.0%
BANK37             100      0       0      68        0.0%
BITBANK36          100      0       0      66        0.0%
BANK36             100      0       0      67        0.0%
BITBANK35          100      0       0      64        0.0%
BANK35             100      0       0      65        0.0%
BITBANK34          100      0       0      62        0.0%
BANK34             100      0       0      63        0.0%
BITBANK33          100      0       0      60        0.0%
BANK33             100      0       0      61        0.0%
BITBANK32          100      0       0      58        0.0%
BANK32             100      0       0      59        0.0%
BITBANK31          100      0       0      56        0.0%
BANK31             100      0       0      57        0.0%
BITBANK30          100      0       0      54        0.0%
BANK30             100      0       0      55        0.0%
BITBANK29          100      0       0      52        0.0%
BANK29             100      0       0      53        0.0%
BITBANK28          100      0       0      50        0.0%
BANK28             100      0       0      51        0.0%
BITBANK27          100      0       0      48        0.0%
BANK27             100      0       0      49        0.0%
BITBANK26          100      0       0      46        0.0%
BANK26             100      0       0      47        0.0%
BITBANK25          100      0       0      44        0.0%
BANK25             100      0       0      45        0.0%
BITBANK24          100      0       0      42        0.0%
BANK24             100      0       0      43        0.0%
BITBANK23          100      0       0      40        0.0%
BANK23             100      0       0      41        0.0%
BITBANK22          100      0       0      38        0.0%
BANK22             100      0       0      39        0.0%
BITBANK21          100      0       0      36        0.0%
BANK21             100      0       0      37        0.0%
BITBANK20          100      0       0      34        0.0%
BANK20             100      0       0      35        0.0%
BITBANK19          100      0       0      32        0.0%
BANK19             100      0       0      33        0.0%
BITBANK18          100      0       0      30        0.0%
BANK18             100      0       0      31        0.0%
BITBANK17          100      0       0      28        0.0%
BANK17             100      0       0      29        0.0%
BITBANK16          100      0       0      26        0.0%
BANK16             100      0       0      27        0.0%
BITBANK15          100      0       0      24        0.0%
BANK15             100      0       0      25        0.0%
BITBANK14          100      0       0      22        0.0%
BANK14             100      0       0      23        0.0%
BITBANK13          100      0       0      20        0.0%
BANK13             100      0       0      21        0.0%
BITBANK12          100      0       0      18        0.0%
BANK12             100      0       0      19        0.0%
BITBANK11          100      0       0      16        0.0%
BANK11             100      0       0      17        0.0%
BITBANK10          100      0       0      14        0.0%
BANK10             100      0       0      15        0.0%
BITBANK9           100      0       0      12        0.0%
BANK9              100      0       0      13        0.0%
BITBANK8           100      0       0      10        0.0%
BANK8              100      0       0      11        0.0%
BITBANK7           100      0       0       8        0.0%
BANK7              100      0       0       9        0.0%
BITBANK6           100      0       0       6        0.0%
BANK6              100      0       0       7        0.0%
BITBANK5            A0      0       0       4        0.0%
BANK5               A0      0       0       5        0.0%
BITCOMRAM           5F      0       0       0        0.0%
COMRAM              5F      4      12       1       18.9%
BITSFR_5             0      0       0     200        0.0%
SFR_5                0      0       0     200        0.0%
BITSFR_4             0      0       0     200        0.0%
SFR_4                0      0       0     200        0.0%
BITSFR_3             0      0       0     200        0.0%
SFR_3                0      0       0     200        0.0%
BITSFR_2             0      0       0     200        0.0%
SFR_2                0      0       0     200        0.0%
BITSFR_1             0      0       0     200        0.0%
SFR_1                0      0       0     200        0.0%
BITSFR               0      0       0     200        0.0%
SFR                  0      0       0     200        0.0%
STACK                0      0       0       2        0.0%
NULL                 0      0       0       0        0.0%
ABS                  0      0      12      69        0.0%
DATA                 0      0      12       3        0.0%
CODE                 0      0       0       0        0.0%


Microchip Technology PIC18 Macro Assembler V2.31 build 20201012212115 
Symbol Table                                                                                   Thu Apr 01 01:56:25 2021

     __size_of_SysTickSetup 0022                          l20 FF1E                          l23 FF40  
                        l17 FEEE                          l26 FEF0                          l76 FF62  
                        l79 FEF2                          l88 FFFA                          u10 FFBA  
                        u11 FFB6                          u20 FFCE                          u21 FFCA  
                        u30 FFE2                          u31 FFDE                          u40 FFF6  
                        u41 FFF2                          u60 FFA0                          u61 FF9C  
                       l812 FF20                         l820 FF64                         l814 FF42  
                       l830 FF76                         l822 FF66                         l816 FF46  
                       l840 FFA0                         l832 FF7A                         l824 FF6A  
                       l818 FF58                         l770 FFBA                         l834 FF7C  
                       l826 FF6E                         l764 FF06                         l780 FFE6  
                       l772 FFBE                         l836 FF80                         l828 FF72  
                       l782 FFF6                         l774 FFCE                         l838 FF8C  
                       l776 FFD2                         l768 FFAA                         l778 FFE2  
                       wreg 0004E8                        _LATA 0004BE                        _PIR3 0004B1  
                      _main FF64                _SysTickSetup FF20                        start FFFC  
      __size_of_SystemSleep 0002                ___param_bank 000000                  _ClockSetup FEEE  
           __end_of_TimeXus FF64                       ?_main 050F                       _TMR0H 000319  
                     _TMR0L 000318                       _TRISA 0004C6                       status 0004D8  
           __initialization FEF4                __end_of_main FFAA                      ??_main 0513  
             __activetblptr 000000                      _ANSELA 000400                      _T0CON0 00031A  
        __size_of_GpioSetup 001A                   ??_TimeXus 0511                 ?_ClockSetup 050F  
                    clear_0 FEFA                  _UserAppRun FFAA                  __accesstop 0560  
   __end_of__initialization FF00               ___rparam_used 000001            _G_u8UserAppFlags 050E  
            __pcstackCOMRAM 050F           __end_of_GpioSetup FF20         __size_of_ClockSetup 0002  
                   _DAC1CON 00007F                 ?_UserAppRun 050F               ??_SystemSleep 050F  
                   __Hparam 0000                     __Lparam 0000                     _TimeXus FF42  
                   __pcinit FEF4                     __ramtop 2600                     __ptext0 FF64  
                   __ptext1 FFAA                     __ptext2 FEF2                     __ptext3 FF42  
                   __ptext4 FEF0                     __ptext5 FF20                     __ptext6 FF06  
                   __ptext7 FEEE        end_of_initialization FF00            _G_u32SystemFlags 0501  
                   postinc0 0004EE         __end_of_SystemSleep FEF2                ??_ClockSetup 050F  
       __size_of_UserAppRun 0052          __end_of_ClockSetup FEF0                   _GpioSetup FF06  
       start_initialization FEF4               ?_SysTickSetup 050F                 _SystemSleep FEF0  
                ?_GpioSetup 050F                 __pbssCOMRAM 0501           _UserAppInitialize FEF2  
              ??_UserAppRun 050F       TimeXus@u16Microsecond 050F          ?_UserAppInitialize 050F  
            ??_SysTickSetup 050F         ??_UserAppInitialize 050F                    ?_TimeXus 050F  
        __end_of_UserAppRun FFFC                    _DAC1DATL 00007D   __end_of_UserAppInitialize FEF4  
         UserAppRun@u8Slope 050D                 ??_GpioSetup 050F                    __Hrparam 0000  
                  __Lrparam 0000            __size_of_TimeXus 0022        __end_of_SysTickSetup FF42  
__size_of_UserAppInitialize 0002               __size_of_main 0046                ?_SystemSleep 050F  
        _G_u32SystemTime1ms 0509           _G_u32SystemTime1s 0505  
